~~~
<div id="1a11fcb5-d2ef-4d72-b5c4-c779365c4cd1" data-jscall-id="108" style="visibility: hidden;">
  <div data-jscall-id="103">slider 1: 
    <input step="1" max="100" min="1" data-jscall-id="104" value="1" oninput="JSServe.update_obs('7325883901527177289', parseFloat(value))" type="range" />
    <p data-jscall-id="102">1</p>
  </div>
  <script data-jscall-id="105" type="text/javascript">
    window.__define = window.define;
    window.__require = window.require;
    window.define = undefined;
    window.require = undefined;

</script>
  <script data-jscall-id="106" type="text/javascript">
    window.define = window.__define;
    window.require = window.__require;
    window.__define = undefined;
    window.__require = undefined;

</script>
  <script data-jscall-id="107" type="text/javascript">
(()=> {
    JSServe.register_sub_session('1a11fcb5-d2ef-4d72-b5c4-c779365c4cd1')
    const init_data_b64 = 'H4sIAAAAAAAAA8VUQW/TMBjVrv0VvmWV1i52kiZBGgcYByrBQOWGkOXaX4shsaPY6RpNXMoZCa7cAGnlPn4Ef4F/g5uOFlC1inYSOTn63vfZ7z37zeYFqzPNxMe3v1YHn6W4igMSJUmQ+jgiMY5jkqRfczOmti7gU7TCzq4ofcUmzPBSFrapUnrZH9zXAlaYS6OrksOP7yXYqlRoVClupVZIK1oVglk4VHBOJyyroI0uWsh9x8dSWSgLnTEr1RjpETo9e4SUm2sQUwJp+xJK1K8yyVDTadC5Ll+jXBub1YgZBNMCuAVxpxnItTIWFRQyyEFZdIIoBddIXcHC1FL63H/RIFeYrlQKymeu6NCrE7betObXPR820p+f6vzxb/y/YJ9slRT/KX8SExyngR+kCcEk7eE02iS/cNhvOIhxGpCU4MXgECc9HG8CHzTgxCdBEIUR7rlj+djHYbK3sU+ujW30ObmL+oMBlBPoLs2lC9Mos7aUw8p5vUH3I+QZC4V3tBzR/meBw62i4d2ond0CtZxN92O2xeL/SU2qfandeCF3pPb0Fqg1vXveyJuf/Gwnbu/WacaKIpOcLbKUCp27lBKaV010jcE+WKbYvfqhOPQww3jEh1FHEBh1QhGTzjDiYYfH7sX03IoL7LWb/PtratfYOoPuRBo5lJm0tdvGa/4y8FZR+H7Ni6yX6U+zg/FiXwYAAA=='
    JSServe.init_from_b64(init_data_b64)
    if (!true){
        JSServe.update_obs('565851982970239457', true)
    }
})()
</script>
</div>
~~~
